This file contains any messages produced by compilers while
running configure, to aid debugging if configure makes a mistake.

It was created by configure, which was
generated by GNU Autoconf 2.59.  Invocation command line was

  $ ./configure 

## --------- ##
## Platform. ##
## --------- ##

hostname = ohm.chuncoco.com
uname -m = i686
uname -r = 2.6.20-ARCH
uname -s = Linux
uname -v = #1 SMP PREEMPT Sat Mar 24 10:51:35 CET 2007

/usr/bin/uname -p = unknown
/bin/uname -X     = unknown

/bin/arch              = i686
/usr/bin/arch -k       = unknown
/usr/convex/getsysinfo = unknown
hostinfo               = unknown
/bin/machine           = unknown
/usr/bin/oslevel       = unknown
/bin/universe          = unknown

PATH: /bin
PATH: /usr/bin
PATH: /sbin
PATH: /usr/sbin
PATH: /usr/X11R6/bin
PATH: /opt/bin
PATH: /opt/gnome/bin
PATH: /opt/java/bin
PATH: /opt/java/jre/bin
PATH: /opt/kde/bin
PATH: /opt/mozilla/bin
PATH: /opt/qt/bin
PATH: /home/carlitox/bin
PATH: /opt/gnome/bin
PATH: /opt/java/bin
PATH: /opt/java/jre/bin
PATH: /opt/kde/bin
PATH: /opt/mozilla/bin
PATH: /opt/qt/bin


## ----------- ##
## Core tests. ##
## ----------- ##

configure:1339: checking for a BSD-compatible install
configure:1394: result: /bin/install -c
configure:1405: checking whether build environment is sane
configure:1448: result: yes
configure:1505: checking for gawk
configure:1521: found /bin/gawk
configure:1531: result: gawk
configure:1541: checking whether make sets $(MAKE)
configure:1561: result: yes
configure:1727: checking whether to enable maintainer-specific portions of Makefiles
configure:1736: result: no
configure:1764: checking for style of include used by make
configure:1792: result: GNU
configure:1863: checking for gcc
configure:1879: found /usr/bin/gcc
configure:1889: result: gcc
configure:2133: checking for C compiler version
configure:2136: gcc --version </dev/null >&5
gcc (GCC) 4.1.2
Copyright (C) 2006 Free Software Foundation, Inc.
This is free software; see the source for copying conditions.  There is NO
warranty; not even for MERCHANTABILITY or FITNESS FOR A PARTICULAR PURPOSE.

configure:2139: $? = 0
configure:2141: gcc -v </dev/null >&5
Using built-in specs.
Target: i686-pc-linux-gnu
Configured with: ../gcc-4.1.2/configure --prefix=/usr --enable-shared --enable-languages=c,c++,objc --enable-threads=posix --enable-__cxa_atexit --disable-multilib --libdir=/usr/lib --libexecdir=/usr/lib --enable-clocale=gnu
Thread model: posix
gcc version 4.1.2
configure:2144: $? = 0
configure:2146: gcc -V </dev/null >&5
gcc: '-V' option must have argument
configure:2149: $? = 1
configure:2172: checking for C compiler default output file name
configure:2175: gcc    conftest.c  >&5
configure:2178: $? = 0
configure:2224: result: a.out
configure:2229: checking whether the C compiler works
configure:2235: ./a.out
configure:2238: $? = 0
configure:2255: result: yes
configure:2262: checking whether we are cross compiling
configure:2264: result: no
configure:2267: checking for suffix of executables
configure:2269: gcc -o conftest    conftest.c  >&5
configure:2272: $? = 0
configure:2297: result: 
configure:2303: checking for suffix of object files
configure:2324: gcc -c   conftest.c >&5
configure:2327: $? = 0
configure:2349: result: o
configure:2353: checking whether we are using the GNU C compiler
configure:2377: gcc -c   conftest.c >&5
configure:2383: $? = 0
configure:2387: test -z 
			 || test ! -s conftest.err
configure:2390: $? = 0
configure:2393: test -s conftest.o
configure:2396: $? = 0
configure:2409: result: yes
configure:2415: checking whether gcc accepts -g
configure:2436: gcc -c -g  conftest.c >&5
configure:2442: $? = 0
configure:2446: test -z 
			 || test ! -s conftest.err
configure:2449: $? = 0
configure:2452: test -s conftest.o
configure:2455: $? = 0
configure:2466: result: yes
configure:2483: checking for gcc option to accept ANSI C
configure:2553: gcc  -c -g -O2  conftest.c >&5
configure:2559: $? = 0
configure:2563: test -z 
			 || test ! -s conftest.err
configure:2566: $? = 0
configure:2569: test -s conftest.o
configure:2572: $? = 0
configure:2590: result: none needed
configure:2608: gcc -c -g -O2  conftest.c >&5
conftest.c:2: error: expected '=', ',', ';', 'asm' or '__attribute__' before 'me'
configure:2614: $? = 1
configure: failed program was:
| #ifndef __cplusplus
|   choke me
| #endif
configure:2749: checking dependency style of gcc
configure:2834: result: gcc3
configure:2852: checking for library containing strerror
configure:2882: gcc -o conftest -g -O2   conftest.c  >&5
configure:2888: $? = 0
configure:2892: test -z 
			 || test ! -s conftest.err
configure:2895: $? = 0
configure:2898: test -s conftest
configure:2901: $? = 0
configure:2971: result: none required
configure:3024: checking for gcc
configure:3050: result: gcc
configure:3294: checking for C compiler version
configure:3297: gcc --version </dev/null >&5
gcc (GCC) 4.1.2
Copyright (C) 2006 Free Software Foundation, Inc.
This is free software; see the source for copying conditions.  There is NO
warranty; not even for MERCHANTABILITY or FITNESS FOR A PARTICULAR PURPOSE.

configure:3300: $? = 0
configure:3302: gcc -v </dev/null >&5
Using built-in specs.
Target: i686-pc-linux-gnu
Configured with: ../gcc-4.1.2/configure --prefix=/usr --enable-shared --enable-languages=c,c++,objc --enable-threads=posix --enable-__cxa_atexit --disable-multilib --libdir=/usr/lib --libexecdir=/usr/lib --enable-clocale=gnu
Thread model: posix
gcc version 4.1.2
configure:3305: $? = 0
configure:3307: gcc -V </dev/null >&5
gcc: '-V' option must have argument
configure:3310: $? = 1
configure:3313: checking whether we are using the GNU C compiler
configure:3369: result: yes
configure:3375: checking whether gcc accepts -g
configure:3426: result: yes
configure:3443: checking for gcc option to accept ANSI C
configure:3550: result: none needed
configure:3568: gcc -c -g -O2  conftest.c >&5
conftest.c:2: error: expected '=', ',', ';', 'asm' or '__attribute__' before 'me'
configure:3574: $? = 1
configure: failed program was:
| #ifndef __cplusplus
|   choke me
| #endif
configure:3709: checking dependency style of gcc
configure:3794: result: gcc3
configure:3857: checking for gcc
configure:3883: result: gcc
configure:4127: checking for C compiler version
configure:4130: gcc --version </dev/null >&5
gcc (GCC) 4.1.2
Copyright (C) 2006 Free Software Foundation, Inc.
This is free software; see the source for copying conditions.  There is NO
warranty; not even for MERCHANTABILITY or FITNESS FOR A PARTICULAR PURPOSE.

configure:4133: $? = 0
configure:4135: gcc -v </dev/null >&5
Using built-in specs.
Target: i686-pc-linux-gnu
Configured with: ../gcc-4.1.2/configure --prefix=/usr --enable-shared --enable-languages=c,c++,objc --enable-threads=posix --enable-__cxa_atexit --disable-multilib --libdir=/usr/lib --libexecdir=/usr/lib --enable-clocale=gnu
Thread model: posix
gcc version 4.1.2
configure:4138: $? = 0
configure:4140: gcc -V </dev/null >&5
gcc: '-V' option must have argument
configure:4143: $? = 1
configure:4146: checking whether we are using the GNU C compiler
configure:4202: result: yes
configure:4208: checking whether gcc accepts -g
configure:4259: result: yes
configure:4276: checking for gcc option to accept ANSI C
configure:4383: result: none needed
configure:4401: gcc -c -g -O2  conftest.c >&5
conftest.c:2: error: expected '=', ',', ';', 'asm' or '__attribute__' before 'me'
configure:4407: $? = 1
configure: failed program was:
| #ifndef __cplusplus
|   choke me
| #endif
configure:4542: checking dependency style of gcc
configure:4627: result: gcc3
configure:4652: checking how to run the C preprocessor
configure:4687: gcc -E  conftest.c
configure:4693: $? = 0
configure:4725: gcc -E  conftest.c
conftest.c:11:28: error: ac_nonexistent.h: No such file or directory
configure:4731: $? = 1
configure: failed program was:
| /* confdefs.h.  */
| 
| #define PACKAGE_NAME ""
| #define PACKAGE_TARNAME ""
| #define PACKAGE_VERSION ""
| #define PACKAGE_STRING ""
| #define PACKAGE_BUGREPORT ""
| #define PACKAGE "threeaxis"
| #define VERSION "1.0.1"
| /* end confdefs.h.  */
| #include <ac_nonexistent.h>
configure:4770: result: gcc -E
configure:4794: gcc -E  conftest.c
configure:4800: $? = 0
configure:4832: gcc -E  conftest.c
conftest.c:11:28: error: ac_nonexistent.h: No such file or directory
configure:4838: $? = 1
configure: failed program was:
| /* confdefs.h.  */
| 
| #define PACKAGE_NAME ""
| #define PACKAGE_TARNAME ""
| #define PACKAGE_VERSION ""
| #define PACKAGE_STRING ""
| #define PACKAGE_BUGREPORT ""
| #define PACKAGE "threeaxis"
| #define VERSION "1.0.1"
| /* end confdefs.h.  */
| #include <ac_nonexistent.h>
configure:4882: checking for egrep
configure:4892: result: grep -E
configure:4897: checking for ANSI C header files
configure:4922: gcc -c -g -O2  conftest.c >&5
configure:4928: $? = 0
configure:4932: test -z 
			 || test ! -s conftest.err
configure:4935: $? = 0
configure:4938: test -s conftest.o
configure:4941: $? = 0
configure:5030: gcc -o conftest -g -O2   conftest.c  >&5
conftest.c: In function 'main':
conftest.c:28: warning: incompatible implicit declaration of built-in function 'exit'
configure:5033: $? = 0
configure:5035: ./conftest
configure:5038: $? = 0
configure:5053: result: yes
configure:5071: checking for pkg-config
configure:5102: result: no
configure:5158: error: Library requirements (gtk+-2.0 >= 2.0.0) not met; consider adjusting the PKG_CONFIG_PATH environment variable if your libraries are in a nonstandard prefix so pkg-config can find them.

## ---------------- ##
## Cache variables. ##
## ---------------- ##

ac_cv_c_compiler_gnu=yes
ac_cv_env_CC_set=
ac_cv_env_CC_value=
ac_cv_env_CFLAGS_set=
ac_cv_env_CFLAGS_value=
ac_cv_env_CPPFLAGS_set=
ac_cv_env_CPPFLAGS_value=
ac_cv_env_CPP_set=
ac_cv_env_CPP_value=
ac_cv_env_LDFLAGS_set=
ac_cv_env_LDFLAGS_value=
ac_cv_env_build_alias_set=
ac_cv_env_build_alias_value=
ac_cv_env_host_alias_set=
ac_cv_env_host_alias_value=
ac_cv_env_target_alias_set=
ac_cv_env_target_alias_value=
ac_cv_exeext=
ac_cv_header_stdc=yes
ac_cv_objext=o
ac_cv_path_PKG_CONFIG=no
ac_cv_path_install='/bin/install -c'
ac_cv_prog_AWK=gawk
ac_cv_prog_CPP='gcc -E'
ac_cv_prog_ac_ct_CC=gcc
ac_cv_prog_cc_g=yes
ac_cv_prog_cc_stdc=
ac_cv_prog_egrep='grep -E'
ac_cv_prog_make_make_set=yes
ac_cv_search_strerror='none required'
am_cv_CC_dependencies_compiler_type=gcc3
am_cv_prog_cc_stdc=

## ----------------- ##
## Output variables. ##
## ----------------- ##

ACLOCAL='${SHELL} /home/carlitox/maray/tam/missing --run aclocal-1.8'
AMDEPBACKSLASH='\'
AMDEP_FALSE='#'
AMDEP_TRUE=''
AMTAR='${SHELL} /home/carlitox/maray/tam/missing --run tar'
AUTOCONF='${SHELL} /home/carlitox/maray/tam/missing --run autoconf'
AUTOHEADER='${SHELL} /home/carlitox/maray/tam/missing --run autoheader'
AUTOMAKE='${SHELL} /home/carlitox/maray/tam/missing --run automake-1.8'
AWK='gawk'
CC='gcc'
CCDEPMODE='depmode=gcc3'
CFLAGS='-g -O2'
CPP='gcc -E'
CPPFLAGS=''
CYGPATH_W='echo'
DEFS=''
DEPDIR='.deps'
ECHO_C=''
ECHO_N='-n'
ECHO_T=''
EGREP='grep -E'
ENABLE_GLUT_FALSE=''
ENABLE_GLUT_TRUE=''
EXEEXT=''
GTKGL_CFLAGS=''
GTKGL_LIBS=''
INSTALL_DATA='${INSTALL} -m 644'
INSTALL_PROGRAM='${INSTALL}'
INSTALL_SCRIPT='${INSTALL}'
INSTALL_STRIP_PROGRAM='${SHELL} $(install_sh) -c -s'
LDFLAGS=''
LIBOBJS=''
LIBS=''
LTLIBOBJS=''
MAINT='#'
MAINTAINER_MODE_FALSE=''
MAINTAINER_MODE_TRUE='#'
MAKEINFO='${SHELL} /home/carlitox/maray/tam/missing --run makeinfo'
OBJEXT='o'
PACKAGE='threeaxis'
PACKAGE_BUGREPORT=''
PACKAGE_CFLAGS=''
PACKAGE_LIBS=''
PACKAGE_NAME=''
PACKAGE_STRING=''
PACKAGE_TARNAME=''
PACKAGE_VERSION=''
PATH_SEPARATOR=':'
PKG_CONFIG='no'
SET_MAKE=''
SHELL='/bin/sh'
STRIP=''
VERSION='1.0.1'
ac_ct_CC='gcc'
ac_ct_STRIP=''
am__fastdepCC_FALSE='#'
am__fastdepCC_TRUE=''
am__include='include'
am__leading_dot='.'
am__quote=''
bindir='${exec_prefix}/bin'
build_alias=''
datadir='${prefix}/share'
exec_prefix='NONE'
host_alias=''
includedir='${prefix}/include'
infodir='${prefix}/info'
install_sh='/home/carlitox/maray/tam/install-sh'
libdir='${exec_prefix}/lib'
libexecdir='${exec_prefix}/libexec'
localstatedir='${prefix}/var'
mandir='${prefix}/man'
mkdir_p='mkdir -p -- .'
oldincludedir='/usr/include'
prefix='NONE'
program_transform_name='s,x,x,'
sbindir='${exec_prefix}/sbin'
sharedstatedir='${prefix}/com'
sysconfdir='${prefix}/etc'
target_alias=''

## ----------- ##
## confdefs.h. ##
## ----------- ##

#define PACKAGE "threeaxis"
#define PACKAGE_BUGREPORT ""
#define PACKAGE_NAME ""
#define PACKAGE_STRING ""
#define PACKAGE_TARNAME ""
#define PACKAGE_VERSION ""
#define STDC_HEADERS 1
#define VERSION "1.0.1"

configure: exit 1
